

Started GET "/" for 127.0.0.1 at 2014-05-09 12:37:57 -0300
Processing by Rails::WelcomeController#index as HTML
  Rendered /home/zico/.rvm/gems/ruby-2.0.0-p0@twitter-mongo/gems/railties-4.1.1/lib/rails/templates/rails/welcome/index.html.erb (1.3ms)
Completed 200 OK in 54ms (Views: 37.2ms)


Started GET "/" for 127.0.0.1 at 2014-05-09 13:44:33 -0300

ActionController::RoutingError (uninitialized constant HomeController):
  activesupport (4.1.1) lib/active_support/inflector/methods.rb:238:in `const_get'
  activesupport (4.1.1) lib/active_support/inflector/methods.rb:238:in `block in constantize'
  activesupport (4.1.1) lib/active_support/inflector/methods.rb:236:in `each'
  activesupport (4.1.1) lib/active_support/inflector/methods.rb:236:in `inject'
  activesupport (4.1.1) lib/active_support/inflector/methods.rb:236:in `constantize'
  actionpack (4.1.1) lib/action_dispatch/routing/route_set.rb:76:in `controller_reference'
  actionpack (4.1.1) lib/action_dispatch/routing/route_set.rb:66:in `controller'
  actionpack (4.1.1) lib/action_dispatch/routing/route_set.rb:44:in `call'
  actionpack (4.1.1) lib/action_dispatch/journey/router.rb:71:in `block in call'
  actionpack (4.1.1) lib/action_dispatch/journey/router.rb:59:in `each'
  actionpack (4.1.1) lib/action_dispatch/journey/router.rb:59:in `call'
  actionpack (4.1.1) lib/action_dispatch/routing/route_set.rb:676:in `call'
  warden (1.2.3) lib/warden/manager.rb:35:in `block in call'
  warden (1.2.3) lib/warden/manager.rb:34:in `catch'
  warden (1.2.3) lib/warden/manager.rb:34:in `call'
  rack (1.5.2) lib/rack/etag.rb:23:in `call'
  rack (1.5.2) lib/rack/conditionalget.rb:25:in `call'
  rack (1.5.2) lib/rack/head.rb:11:in `call'
  actionpack (4.1.1) lib/action_dispatch/middleware/params_parser.rb:27:in `call'
  actionpack (4.1.1) lib/action_dispatch/middleware/flash.rb:254:in `call'
  rack (1.5.2) lib/rack/session/abstract/id.rb:225:in `context'
  rack (1.5.2) lib/rack/session/abstract/id.rb:220:in `call'
  actionpack (4.1.1) lib/action_dispatch/middleware/cookies.rb:560:in `call'
  actionpack (4.1.1) lib/action_dispatch/middleware/callbacks.rb:29:in `block in call'
  activesupport (4.1.1) lib/active_support/callbacks.rb:82:in `run_callbacks'
  actionpack (4.1.1) lib/action_dispatch/middleware/callbacks.rb:27:in `call'
  actionpack (4.1.1) lib/action_dispatch/middleware/reloader.rb:73:in `call'
  actionpack (4.1.1) lib/action_dispatch/middleware/remote_ip.rb:76:in `call'
  actionpack (4.1.1) lib/action_dispatch/middleware/debug_exceptions.rb:17:in `call'
  actionpack (4.1.1) lib/action_dispatch/middleware/show_exceptions.rb:30:in `call'
  railties (4.1.1) lib/rails/rack/logger.rb:38:in `call_app'
  railties (4.1.1) lib/rails/rack/logger.rb:20:in `block in call'
  activesupport (4.1.1) lib/active_support/tagged_logging.rb:68:in `block in tagged'
  activesupport (4.1.1) lib/active_support/tagged_logging.rb:26:in `tagged'
  activesupport (4.1.1) lib/active_support/tagged_logging.rb:68:in `tagged'
  railties (4.1.1) lib/rails/rack/logger.rb:20:in `call'
  actionpack (4.1.1) lib/action_dispatch/middleware/request_id.rb:21:in `call'
  rack (1.5.2) lib/rack/methodoverride.rb:21:in `call'
  rack (1.5.2) lib/rack/runtime.rb:17:in `call'
  activesupport (4.1.1) lib/active_support/cache/strategy/local_cache_middleware.rb:26:in `call'
  rack (1.5.2) lib/rack/lock.rb:17:in `call'
  actionpack (4.1.1) lib/action_dispatch/middleware/static.rb:64:in `call'
  rack (1.5.2) lib/rack/sendfile.rb:112:in `call'
  railties (4.1.1) lib/rails/engine.rb:514:in `call'
  railties (4.1.1) lib/rails/application.rb:144:in `call'
  rack (1.5.2) lib/rack/lock.rb:17:in `call'
  rack (1.5.2) lib/rack/content_length.rb:14:in `call'
  rack (1.5.2) lib/rack/handler/webrick.rb:60:in `service'
  /home/zico/.rvm/rubies/ruby-2.0.0-p0/lib/ruby/2.0.0/webrick/httpserver.rb:138:in `service'
  /home/zico/.rvm/rubies/ruby-2.0.0-p0/lib/ruby/2.0.0/webrick/httpserver.rb:94:in `run'
  /home/zico/.rvm/rubies/ruby-2.0.0-p0/lib/ruby/2.0.0/webrick/server.rb:295:in `block in start_thread'


  Rendered /home/zico/.rvm/gems/ruby-2.0.0-p0@twitter-mongo/gems/actionpack-4.1.1/lib/action_dispatch/middleware/templates/rescues/_trace.html.erb (1.2ms)
  Rendered /home/zico/.rvm/gems/ruby-2.0.0-p0@twitter-mongo/gems/actionpack-4.1.1/lib/action_dispatch/middleware/templates/routes/_route.html.erb (4.6ms)
  Rendered /home/zico/.rvm/gems/ruby-2.0.0-p0@twitter-mongo/gems/actionpack-4.1.1/lib/action_dispatch/middleware/templates/routes/_table.html.erb (41.3ms)
  Rendered /home/zico/.rvm/gems/ruby-2.0.0-p0@twitter-mongo/gems/actionpack-4.1.1/lib/action_dispatch/middleware/templates/rescues/routing_error.html.erb within rescues/layout (75.4ms)


Started GET "/users/sign_in" for 127.0.0.1 at 2014-05-09 13:44:38 -0300
Processing by Devise::SessionsController#new as HTML
  Rendered /home/zico/.rvm/gems/ruby-2.0.0-p0@twitter-mongo/gems/devise-3.2.4/app/views/devise/shared/_links.erb (1.5ms)
  Rendered /home/zico/.rvm/gems/ruby-2.0.0-p0@twitter-mongo/gems/devise-3.2.4/app/views/devise/sessions/new.html.erb within layouts/application (18.8ms)
Completed 200 OK in 779ms (Views: 744.5ms)


Started GET "/assets/jquery.js?body=1" for 127.0.0.1 at 2014-05-09 13:44:39 -0300


Started GET "/assets/application.css?body=1" for 127.0.0.1 at 2014-05-09 13:44:39 -0300


Started GET "/assets/turbolinks.js?body=1" for 127.0.0.1 at 2014-05-09 13:44:39 -0300


Started GET "/assets/jquery_ujs.js?body=1" for 127.0.0.1 at 2014-05-09 13:44:39 -0300


Started GET "/assets/application.js?body=1" for 127.0.0.1 at 2014-05-09 13:44:39 -0300


Started GET "/users/sign_up" for 127.0.0.1 at 2014-05-09 13:44:43 -0300
Processing by Devise::RegistrationsController#new as HTML
  Rendered /home/zico/.rvm/gems/ruby-2.0.0-p0@twitter-mongo/gems/devise-3.2.4/app/views/devise/shared/_links.erb (0.8ms)
  Rendered /home/zico/.rvm/gems/ruby-2.0.0-p0@twitter-mongo/gems/devise-3.2.4/app/views/devise/registrations/new.html.erb within layouts/application (8.1ms)
Completed 200 OK in 19ms (Views: 17.2ms)


Started POST "/users" for 127.0.0.1 at 2014-05-09 13:44:53 -0300
Processing by Devise::RegistrationsController#create as HTML
  Parameters: {"utf8"=>"✓", "authenticity_token"=>"Hd7JRUvaPHoNHEyArytGOR7kYVM6WVvcYdDwo41TQ7g=", "user"=>{"email"=>"zico@ri5.com.br", "password"=>"[FILTERED]", "password_confirmation"=>"[FILTERED]"}, "commit"=>"Sign up"}
  MOPED: 127.0.0.1:27017 COMMAND      database=admin command={:ismaster=>1} runtime: 1.0140ms
  MOPED: 127.0.0.1:27017 QUERY        database=myapp_development collection=users selector={"email"=>"zico@ri5.com.br"} flags=[] limit=-1 skip=0 batch_size=nil fields={:_id=>1} runtime: 0.5640ms
  MOPED: 127.0.0.1:27017 INSERT       database=myapp_development collection=users documents=[{"_id"=>BSON::ObjectId('536d0605617375313f000000'), "email"=>"zico@ri5.com.br", "encrypted_password"=>"$2a$10$GwTddLcQAgaS4U.FqS0gBuYSmtaL5Su1mZxeEB3Goc06N.qf.L8S.", "sign_in_count"=>0}] flags=[]
                         COMMAND      database=myapp_development command={:getlasterror=>1, :w=>1} runtime: 101.7065ms
  MOPED: 127.0.0.1:27017 UPDATE       database=myapp_development collection=users selector={"_id"=>BSON::ObjectId('536d0605617375313f000000')} update={"$set"=>{"last_sign_in_at"=>2014-05-09 16:44:53 UTC, "current_sign_in_at"=>2014-05-09 16:44:53 UTC, "last_sign_in_ip"=>"127.0.0.1", "current_sign_in_ip"=>"127.0.0.1", "sign_in_count"=>1}} flags=[]
                         COMMAND      database=myapp_development command={:getlasterror=>1, :w=>1} runtime: 28.1076ms
Redirected to http://localhost:3000/
Completed 302 Found in 243ms


Started GET "/" for 127.0.0.1 at 2014-05-09 13:44:53 -0300

ActionController::RoutingError (uninitialized constant HomeController):
  activesupport (4.1.1) lib/active_support/inflector/methods.rb:238:in `const_get'
  activesupport (4.1.1) lib/active_support/inflector/methods.rb:238:in `block in constantize'
  activesupport (4.1.1) lib/active_support/inflector/methods.rb:236:in `each'
  activesupport (4.1.1) lib/active_support/inflector/methods.rb:236:in `inject'
  activesupport (4.1.1) lib/active_support/inflector/methods.rb:236:in `constantize'
  actionpack (4.1.1) lib/action_dispatch/routing/route_set.rb:76:in `controller_reference'
  actionpack (4.1.1) lib/action_dispatch/routing/route_set.rb:66:in `controller'
  actionpack (4.1.1) lib/action_dispatch/routing/route_set.rb:44:in `call'
  actionpack (4.1.1) lib/action_dispatch/journey/router.rb:71:in `block in call'
  actionpack (4.1.1) lib/action_dispatch/journey/router.rb:59:in `each'
  actionpack (4.1.1) lib/action_dispatch/journey/router.rb:59:in `call'
  actionpack (4.1.1) lib/action_dispatch/routing/route_set.rb:676:in `call'
  warden (1.2.3) lib/warden/manager.rb:35:in `block in call'
  warden (1.2.3) lib/warden/manager.rb:34:in `catch'
  warden (1.2.3) lib/warden/manager.rb:34:in `call'
  rack (1.5.2) lib/rack/etag.rb:23:in `call'
  rack (1.5.2) lib/rack/conditionalget.rb:25:in `call'
  rack (1.5.2) lib/rack/head.rb:11:in `call'
  actionpack (4.1.1) lib/action_dispatch/middleware/params_parser.rb:27:in `call'
  actionpack (4.1.1) lib/action_dispatch/middleware/flash.rb:254:in `call'
  rack (1.5.2) lib/rack/session/abstract/id.rb:225:in `context'
  rack (1.5.2) lib/rack/session/abstract/id.rb:220:in `call'
  actionpack (4.1.1) lib/action_dispatch/middleware/cookies.rb:560:in `call'
  actionpack (4.1.1) lib/action_dispatch/middleware/callbacks.rb:29:in `block in call'
  activesupport (4.1.1) lib/active_support/callbacks.rb:82:in `run_callbacks'
  actionpack (4.1.1) lib/action_dispatch/middleware/callbacks.rb:27:in `call'
  actionpack (4.1.1) lib/action_dispatch/middleware/reloader.rb:73:in `call'
  actionpack (4.1.1) lib/action_dispatch/middleware/remote_ip.rb:76:in `call'
  actionpack (4.1.1) lib/action_dispatch/middleware/debug_exceptions.rb:17:in `call'
  actionpack (4.1.1) lib/action_dispatch/middleware/show_exceptions.rb:30:in `call'
  railties (4.1.1) lib/rails/rack/logger.rb:38:in `call_app'
  railties (4.1.1) lib/rails/rack/logger.rb:20:in `block in call'
  activesupport (4.1.1) lib/active_support/tagged_logging.rb:68:in `block in tagged'
  activesupport (4.1.1) lib/active_support/tagged_logging.rb:26:in `tagged'
  activesupport (4.1.1) lib/active_support/tagged_logging.rb:68:in `tagged'
  railties (4.1.1) lib/rails/rack/logger.rb:20:in `call'
  actionpack (4.1.1) lib/action_dispatch/middleware/request_id.rb:21:in `call'
  rack (1.5.2) lib/rack/methodoverride.rb:21:in `call'
  rack (1.5.2) lib/rack/runtime.rb:17:in `call'
  activesupport (4.1.1) lib/active_support/cache/strategy/local_cache_middleware.rb:26:in `call'
  rack (1.5.2) lib/rack/lock.rb:17:in `call'
  actionpack (4.1.1) lib/action_dispatch/middleware/static.rb:64:in `call'
  rack (1.5.2) lib/rack/sendfile.rb:112:in `call'
  railties (4.1.1) lib/rails/engine.rb:514:in `call'
  railties (4.1.1) lib/rails/application.rb:144:in `call'
  rack (1.5.2) lib/rack/lock.rb:17:in `call'
  rack (1.5.2) lib/rack/content_length.rb:14:in `call'
  rack (1.5.2) lib/rack/handler/webrick.rb:60:in `service'
  /home/zico/.rvm/rubies/ruby-2.0.0-p0/lib/ruby/2.0.0/webrick/httpserver.rb:138:in `service'
  /home/zico/.rvm/rubies/ruby-2.0.0-p0/lib/ruby/2.0.0/webrick/httpserver.rb:94:in `run'
  /home/zico/.rvm/rubies/ruby-2.0.0-p0/lib/ruby/2.0.0/webrick/server.rb:295:in `block in start_thread'


  Rendered /home/zico/.rvm/gems/ruby-2.0.0-p0@twitter-mongo/gems/actionpack-4.1.1/lib/action_dispatch/middleware/templates/rescues/_trace.html.erb (1.1ms)
  Rendered /home/zico/.rvm/gems/ruby-2.0.0-p0@twitter-mongo/gems/actionpack-4.1.1/lib/action_dispatch/middleware/templates/routes/_route.html.erb (2.6ms)
  Rendered /home/zico/.rvm/gems/ruby-2.0.0-p0@twitter-mongo/gems/actionpack-4.1.1/lib/action_dispatch/middleware/templates/routes/_table.html.erb (1.4ms)
  Rendered /home/zico/.rvm/gems/ruby-2.0.0-p0@twitter-mongo/gems/actionpack-4.1.1/lib/action_dispatch/middleware/templates/rescues/routing_error.html.erb within rescues/layout (24.8ms)


Started GET "/users/sign_out" for 127.0.0.1 at 2014-05-09 13:44:59 -0300

ActionController::RoutingError (No route matches [GET] "/users/sign_out"):
  actionpack (4.1.1) lib/action_dispatch/middleware/debug_exceptions.rb:21:in `call'
  actionpack (4.1.1) lib/action_dispatch/middleware/show_exceptions.rb:30:in `call'
  railties (4.1.1) lib/rails/rack/logger.rb:38:in `call_app'
  railties (4.1.1) lib/rails/rack/logger.rb:20:in `block in call'
  activesupport (4.1.1) lib/active_support/tagged_logging.rb:68:in `block in tagged'
  activesupport (4.1.1) lib/active_support/tagged_logging.rb:26:in `tagged'
  activesupport (4.1.1) lib/active_support/tagged_logging.rb:68:in `tagged'
  railties (4.1.1) lib/rails/rack/logger.rb:20:in `call'
  actionpack (4.1.1) lib/action_dispatch/middleware/request_id.rb:21:in `call'
  rack (1.5.2) lib/rack/methodoverride.rb:21:in `call'
  rack (1.5.2) lib/rack/runtime.rb:17:in `call'
  activesupport (4.1.1) lib/active_support/cache/strategy/local_cache_middleware.rb:26:in `call'
  rack (1.5.2) lib/rack/lock.rb:17:in `call'
  actionpack (4.1.1) lib/action_dispatch/middleware/static.rb:64:in `call'
  rack (1.5.2) lib/rack/sendfile.rb:112:in `call'
  railties (4.1.1) lib/rails/engine.rb:514:in `call'
  railties (4.1.1) lib/rails/application.rb:144:in `call'
  rack (1.5.2) lib/rack/lock.rb:17:in `call'
  rack (1.5.2) lib/rack/content_length.rb:14:in `call'
  rack (1.5.2) lib/rack/handler/webrick.rb:60:in `service'
  /home/zico/.rvm/rubies/ruby-2.0.0-p0/lib/ruby/2.0.0/webrick/httpserver.rb:138:in `service'
  /home/zico/.rvm/rubies/ruby-2.0.0-p0/lib/ruby/2.0.0/webrick/httpserver.rb:94:in `run'
  /home/zico/.rvm/rubies/ruby-2.0.0-p0/lib/ruby/2.0.0/webrick/server.rb:295:in `block in start_thread'


  Rendered /home/zico/.rvm/gems/ruby-2.0.0-p0@twitter-mongo/gems/actionpack-4.1.1/lib/action_dispatch/middleware/templates/rescues/_trace.html.erb (1.1ms)
  Rendered /home/zico/.rvm/gems/ruby-2.0.0-p0@twitter-mongo/gems/actionpack-4.1.1/lib/action_dispatch/middleware/templates/routes/_route.html.erb (2.0ms)
  Rendered /home/zico/.rvm/gems/ruby-2.0.0-p0@twitter-mongo/gems/actionpack-4.1.1/lib/action_dispatch/middleware/templates/routes/_table.html.erb (1.5ms)
  Rendered /home/zico/.rvm/gems/ruby-2.0.0-p0@twitter-mongo/gems/actionpack-4.1.1/lib/action_dispatch/middleware/templates/rescues/routing_error.html.erb within rescues/layout (23.4ms)


Started GET "/users/sign_out" for 127.0.0.1 at 2014-05-09 13:46:09 -0300

ActionController::RoutingError (No route matches [GET] "/users/sign_out"):
  actionpack (4.1.1) lib/action_dispatch/middleware/debug_exceptions.rb:21:in `call'
  actionpack (4.1.1) lib/action_dispatch/middleware/show_exceptions.rb:30:in `call'
  railties (4.1.1) lib/rails/rack/logger.rb:38:in `call_app'
  railties (4.1.1) lib/rails/rack/logger.rb:20:in `block in call'
  activesupport (4.1.1) lib/active_support/tagged_logging.rb:68:in `block in tagged'
  activesupport (4.1.1) lib/active_support/tagged_logging.rb:26:in `tagged'
  activesupport (4.1.1) lib/active_support/tagged_logging.rb:68:in `tagged'
  railties (4.1.1) lib/rails/rack/logger.rb:20:in `call'
  actionpack (4.1.1) lib/action_dispatch/middleware/request_id.rb:21:in `call'
  rack (1.5.2) lib/rack/methodoverride.rb:21:in `call'
  rack (1.5.2) lib/rack/runtime.rb:17:in `call'
  activesupport (4.1.1) lib/active_support/cache/strategy/local_cache_middleware.rb:26:in `call'
  rack (1.5.2) lib/rack/lock.rb:17:in `call'
  actionpack (4.1.1) lib/action_dispatch/middleware/static.rb:64:in `call'
  rack (1.5.2) lib/rack/sendfile.rb:112:in `call'
  railties (4.1.1) lib/rails/engine.rb:514:in `call'
  railties (4.1.1) lib/rails/application.rb:144:in `call'
  rack (1.5.2) lib/rack/lock.rb:17:in `call'
  rack (1.5.2) lib/rack/content_length.rb:14:in `call'
  rack (1.5.2) lib/rack/handler/webrick.rb:60:in `service'
  /home/zico/.rvm/rubies/ruby-2.0.0-p0/lib/ruby/2.0.0/webrick/httpserver.rb:138:in `service'
  /home/zico/.rvm/rubies/ruby-2.0.0-p0/lib/ruby/2.0.0/webrick/httpserver.rb:94:in `run'
  /home/zico/.rvm/rubies/ruby-2.0.0-p0/lib/ruby/2.0.0/webrick/server.rb:295:in `block in start_thread'


  Rendered /home/zico/.rvm/gems/ruby-2.0.0-p0@twitter-mongo/gems/actionpack-4.1.1/lib/action_dispatch/middleware/templates/rescues/_trace.html.erb (1.8ms)
  Rendered /home/zico/.rvm/gems/ruby-2.0.0-p0@twitter-mongo/gems/actionpack-4.1.1/lib/action_dispatch/middleware/templates/routes/_route.html.erb (2.1ms)
  Rendered /home/zico/.rvm/gems/ruby-2.0.0-p0@twitter-mongo/gems/actionpack-4.1.1/lib/action_dispatch/middleware/templates/routes/_table.html.erb (1.1ms)
  Rendered /home/zico/.rvm/gems/ruby-2.0.0-p0@twitter-mongo/gems/actionpack-4.1.1/lib/action_dispatch/middleware/templates/rescues/routing_error.html.erb within rescues/layout (27.3ms)


Started GET "/" for 127.0.0.1 at 2014-05-09 13:46:11 -0300
Processing by HomeController#index as HTML
  Rendered home/index.html.erb within layouts/application (0.8ms)
Completed 200 OK in 274ms (Views: 272.4ms)


Started GET "/" for 127.0.0.1 at 2014-05-09 13:46:11 -0300
Processing by HomeController#index as HTML
  Rendered home/index.html.erb within layouts/application (0.1ms)
Completed 200 OK in 7ms (Views: 5.4ms)


Started GET "/assets/home.css?body=1" for 127.0.0.1 at 2014-05-09 13:46:12 -0300


Started GET "/assets/home.js?body=1" for 127.0.0.1 at 2014-05-09 13:46:12 -0300


Started GET "/assets/jquery.js?body=1" for 127.0.0.1 at 2014-05-09 13:46:12 -0300


Started GET "/" for 127.0.0.1 at 2014-05-09 13:46:14 -0300
Processing by HomeController#index as HTML
  Rendered home/index.html.erb within layouts/application (0.1ms)
Completed 200 OK in 8ms (Views: 6.8ms)


Started GET "/assets/home.css?body=1" for 127.0.0.1 at 2014-05-09 13:46:14 -0300


Started GET "/assets/jquery.js?body=1" for 127.0.0.1 at 2014-05-09 13:46:14 -0300


Started GET "/assets/jquery_ujs.js?body=1" for 127.0.0.1 at 2014-05-09 13:46:14 -0300


Started GET "/assets/application.css?body=1" for 127.0.0.1 at 2014-05-09 13:46:14 -0300


Started GET "/assets/home.js?body=1" for 127.0.0.1 at 2014-05-09 13:46:14 -0300


Started GET "/assets/turbolinks.js?body=1" for 127.0.0.1 at 2014-05-09 13:46:14 -0300


Started GET "/assets/application.js?body=1" for 127.0.0.1 at 2014-05-09 13:46:14 -0300


Started GET "/assets/jquery_ujs.js?body=1" for 127.0.0.1 at 2014-05-09 13:46:14 -0300
  MOPED: 127.0.0.1:27017 COMMAND      database=admin command={:ismaster=>1} runtime: 2.2261ms
  MOPED: 127.0.0.1:27017 QUERY        database=myapp_development collection=users selector={"$query"=>{}, "$orderby"=>{:_id=>1}} flags=[] limit=-1 skip=0 batch_size=nil fields=nil runtime: 20.3806ms
  MOPED: 127.0.0.1:27017 QUERY        database=myapp_development collection=users selector={"$query"=>{}, "$orderby"=>{:_id=>1}} flags=[] limit=-1 skip=0 batch_size=nil fields=nil runtime: 0.9618ms
  MOPED: 127.0.0.1:27017 QUERY        database=myapp_development collection=users selector={"$query"=>{}, "$orderby"=>{:_id=>1}} flags=[] limit=-1 skip=0 batch_size=nil fields=nil runtime: 1.1497ms
  MOPED: 127.0.0.1:27017 UPDATE       database=myapp_development collection=users selector={"_id"=>BSON::ObjectId('536d0605617375313f000000')} update={"$push"=>{"tweets"=>{"_id"=>BSON::ObjectId('536d08ba6173753354000000'), "description"=>"Vamos testar"}}} flags=[]
                         COMMAND      database=myapp_development command={:getlasterror=>1, :w=>1} runtime: 1.1394ms
  MOPED: 127.0.0.1:27017 QUERY        database=myapp_development collection=users selector={"$query"=>{}, "$orderby"=>{:_id=>1}} flags=[] limit=-1 skip=0 batch_size=nil fields=nil runtime: 1.0759ms


Started GET "/" for 127.0.0.1 at 2014-05-09 14:02:09 -0300
Processing by HomeController#index as HTML
  Rendered home/index.html.erb within layouts/application (0.1ms)
Completed 200 OK in 583ms (Views: 581.9ms)


Started GET "/assets/scaffolds.css?body=1" for 127.0.0.1 at 2014-05-09 14:02:10 -0300


Started GET "/assets/tweets.css?body=1" for 127.0.0.1 at 2014-05-09 14:02:10 -0300


Started GET "/assets/tweets.js?body=1" for 127.0.0.1 at 2014-05-09 14:02:10 -0300


Started GET "/assets/application.css?body=1" for 127.0.0.1 at 2014-05-09 14:02:10 -0300


Started GET "/assets/home.css?body=1" for 127.0.0.1 at 2014-05-09 14:02:10 -0300


Started GET "/assets/jquery.js?body=1" for 127.0.0.1 at 2014-05-09 14:02:10 -0300


Started GET "/assets/jquery_ujs.js?body=1" for 127.0.0.1 at 2014-05-09 14:02:10 -0300


Started GET "/assets/turbolinks.js?body=1" for 127.0.0.1 at 2014-05-09 14:02:10 -0300


Started GET "/assets/home.js?body=1" for 127.0.0.1 at 2014-05-09 14:02:10 -0300


Started GET "/assets/application.js?body=1" for 127.0.0.1 at 2014-05-09 14:02:10 -0300


Started GET "/" for 127.0.0.1 at 2014-05-09 14:02:11 -0300
Processing by HomeController#index as HTML
  Rendered home/index.html.erb within layouts/application (0.1ms)
Completed 200 OK in 9ms (Views: 7.7ms)


Started GET "/assets/home.css?body=1" for 127.0.0.1 at 2014-05-09 14:02:11 -0300


Started GET "/assets/scaffolds.css?body=1" for 127.0.0.1 at 2014-05-09 14:02:11 -0300


Started GET "/assets/tweets.css?body=1" for 127.0.0.1 at 2014-05-09 14:02:11 -0300


Started GET "/assets/application.css?body=1" for 127.0.0.1 at 2014-05-09 14:02:11 -0300


Started GET "/assets/jquery.js?body=1" for 127.0.0.1 at 2014-05-09 14:02:11 -0300


Started GET "/assets/jquery_ujs.js?body=1" for 127.0.0.1 at 2014-05-09 14:02:11 -0300


Started GET "/assets/turbolinks.js?body=1" for 127.0.0.1 at 2014-05-09 14:02:11 -0300


Started GET "/assets/home.js?body=1" for 127.0.0.1 at 2014-05-09 14:02:11 -0300


Started GET "/assets/tweets.js?body=1" for 127.0.0.1 at 2014-05-09 14:02:11 -0300


Started GET "/assets/application.js?body=1" for 127.0.0.1 at 2014-05-09 14:02:11 -0300
